Determining if the pthread_create exist failed with the following output:
Change Dir: /home/yanivzi/CLionProjects/GitHubAdvancedProg/AdvancedProgServer/server/cmake-build-debug/CMakeFiles/CMakeTmp

Run Build Command:"/usr/bin/make" "cmTC_c9eaf/fast"
/usr/bin/make -f CMakeFiles/cmTC_c9eaf.dir/build.make CMakeFiles/cmTC_c9eaf.dir/build
make[1]: Entering directory '/home/yanivzi/CLionProjects/GitHubAdvancedProg/AdvancedProgServer/server/cmake-build-debug/CMakeFiles/CMakeTmp'
Building C object CMakeFiles/cmTC_c9eaf.dir/CheckSymbolExists.c.o
/usr/bin/cc    -o CMakeFiles/cmTC_c9eaf.dir/CheckSymbolExists.c.o   -c /home/yanivzi/CLionProjects/GitHubAdvancedProg/AdvancedProgServer/server/cmake-build-debug/CMakeFiles/CMakeTmp/CheckSymbolExists.c
Linking C executable cmTC_c9eaf
/home/yanivzi/clion_3/clion-2017.2.3/bin/cmake/bin/cmake -E cmake_link_script CMakeFiles/cmTC_c9eaf.dir/link.txt --verbose=1
/usr/bin/cc      -rdynamic CMakeFiles/cmTC_c9eaf.dir/CheckSymbolExists.c.o  -o cmTC_c9eaf 
CMakeFiles/cmTC_c9eaf.dir/CheckSymbolExists.c.o: In function `main':
CheckSymbolExists.c:(.text+0x16): undefined reference to `pthread_create'
collect2: error: ld returned 1 exit status
CMakeFiles/cmTC_c9eaf.dir/build.make:97: recipe for target 'cmTC_c9eaf' failed
make[1]: *** [cmTC_c9eaf] Error 1
make[1]: Leaving directory '/home/yanivzi/CLionProjects/GitHubAdvancedProg/AdvancedProgServer/server/cmake-build-debug/CMakeFiles/CMakeTmp'
Makefile:126: recipe for target 'cmTC_c9eaf/fast' failed
make: *** [cmTC_c9eaf/fast] Error 2

File /home/yanivzi/CLionProjects/GitHubAdvancedProg/AdvancedProgServer/server/cmake-build-debug/CMakeFiles/CMakeTmp/CheckSymbolExists.c:
/* */
#include <pthread.h>

int main(int argc, char** argv)
{
  (void)argv;
#ifndef pthread_create
  return ((int*)(&pthread_create))[argc];
#else
  (void)argc;
  return 0;
#endif
}

Determining if the function pthread_create exists in the pthreads failed with the following output:
Change Dir: /home/yanivzi/CLionProjects/GitHubAdvancedProg/AdvancedProgServer/server/cmake-build-debug/CMakeFiles/CMakeTmp

Run Build Command:"/usr/bin/make" "cmTC_22ba5/fast"
/usr/bin/make -f CMakeFiles/cmTC_22ba5.dir/build.make CMakeFiles/cmTC_22ba5.dir/build
make[1]: Entering directory '/home/yanivzi/CLionProjects/GitHubAdvancedProg/AdvancedProgServer/server/cmake-build-debug/CMakeFiles/CMakeTmp'
Building C object CMakeFiles/cmTC_22ba5.dir/CheckFunctionExists.c.o
/usr/bin/cc   -DCHECK_FUNCTION_EXISTS=pthread_create   -o CMakeFiles/cmTC_22ba5.dir/CheckFunctionExists.c.o   -c /home/yanivzi/clion_3/clion-2017.2.3/bin/cmake/share/cmake-3.8/Modules/CheckFunctionExists.c
Linking C executable cmTC_22ba5
/home/yanivzi/clion_3/clion-2017.2.3/bin/cmake/bin/cmake -E cmake_link_script CMakeFiles/cmTC_22ba5.dir/link.txt --verbose=1
/usr/bin/cc  -DCHECK_FUNCTION_EXISTS=pthread_create    -rdynamic CMakeFiles/cmTC_22ba5.dir/CheckFunctionExists.c.o  -o cmTC_22ba5 -lpthreads 
/usr/bin/ld: cannot find -lpthreads
collect2: error: ld returned 1 exit status
CMakeFiles/cmTC_22ba5.dir/build.make:97: recipe for target 'cmTC_22ba5' failed
make[1]: *** [cmTC_22ba5] Error 1
make[1]: Leaving directory '/home/yanivzi/CLionProjects/GitHubAdvancedProg/AdvancedProgServer/server/cmake-build-debug/CMakeFiles/CMakeTmp'
Makefile:126: recipe for target 'cmTC_22ba5/fast' failed
make: *** [cmTC_22ba5/fast] Error 2


